<?xml version="1.0" encoding="UTF-8"?>
<testsuites>
  <testsuite name="CodeIgniter Application Test Suite" tests="5" assertions="7" failures="0" errors="0" time="0.134696">
    <testsuite name="Welcome_test" file="D:\localhost\htdocs\ralali\application\tests\controllers\Welcome_test.php" fullPackage="Welcome" tests="5" assertions="7" failures="0" errors="0" time="0.134696">
      <testcase name="testEmpty" class="Welcome_test" file="D:\localhost\htdocs\ralali\application\tests\controllers\Welcome_test.php" line="13" assertions="1" time="0.042981"/>
      <testcase name="testPush" class="Welcome_test" file="D:\localhost\htdocs\ralali\application\tests\controllers\Welcome_test.php" line="24" assertions="2" time="0.036098"/>
      <testcase name="testPop" class="Welcome_test" file="D:\localhost\htdocs\ralali\application\tests\controllers\Welcome_test.php" line="36" assertions="2" time="0.000565"/>
      <testcase name="test_method_404" class="Welcome_test" file="D:\localhost\htdocs\ralali\application\tests\controllers\Welcome_test.php" line="41" assertions="1" time="0.054168"/>
      <testcase name="test_APPPATH" class="Welcome_test" file="D:\localhost\htdocs\ralali\application\tests\controllers\Welcome_test.php" line="47" assertions="1" time="0.000884"/>
    </testsuite>
  </testsuite>
</testsuites>
